<?xml version="1.0" encoding="UTF-8"?>
<testng-results ignored="0" total="3" passed="3" failed="0" skipped="0">
  <reporter-output>
  </reporter-output>
  <suite started-at="2023-10-25T17:51:20Z" name="Default suite" finished-at="2023-10-25T17:52:03Z" duration-ms="42984">
    <groups>
      <group name="cucumber">
        <method signature="AbstractTestNGCucumberTests.runScenario(cucumber.api.testng.PickleEventWrapper, cucumber.api.testng.CucumberFeatureWrapper)[pri:0, instance:com.angamer.uitests.testrunner.StoreTestRunner@3932c79a]" name="runScenario" class="cucumber.api.testng.AbstractTestNGCucumberTests"/>
      </group> <!-- cucumber -->
    </groups>
    <test started-at="2023-10-25T17:51:20Z" name="Default test" finished-at="2023-10-25T17:52:03Z" duration-ms="42984">
      <class name="com.angamer.uitests.testrunner.StoreTestRunner">
        <test-method is-config="true" signature="setUpClass()[pri:0, instance:com.angamer.uitests.testrunner.StoreTestRunner@3932c79a]" started-at="2023-10-25T17:51:20Z" name="setUpClass" finished-at="2023-10-25T17:51:20Z" duration-ms="228" status="PASS">
          <reporter-output>
          </reporter-output>
        </test-method> <!-- setUpClass -->
        <test-method signature="runScenario(cucumber.api.testng.PickleEventWrapper, cucumber.api.testng.CucumberFeatureWrapper)[pri:0, instance:com.angamer.uitests.testrunner.StoreTestRunner@3932c79a]" started-at="2023-10-25T17:51:20Z" name="runScenario" description="Runs Cucumber Scenarios" data-provider="scenarios" finished-at="2023-10-25T17:51:33Z" duration-ms="13425" status="PASS">
          <params>
            <param index="0">
              <value>
                <![CDATA["We are able to add normal and sale products to the cart"]]>
              </value>
            </param>
            <param index="1">
              <value>
                <![CDATA["Cart feature"]]>
              </value>
            </param>
          </params>
          <reporter-output>
          </reporter-output>
        </test-method> <!-- runScenario -->
        <test-method signature="runScenario(cucumber.api.testng.PickleEventWrapper, cucumber.api.testng.CucumberFeatureWrapper)[pri:0, instance:com.angamer.uitests.testrunner.StoreTestRunner@3932c79a]" started-at="2023-10-25T17:51:33Z" name="runScenario" description="Runs Cucumber Scenarios" data-provider="scenarios" finished-at="2023-10-25T17:51:53Z" duration-ms="19542" status="PASS">
          <params>
            <param index="0">
              <value>
                <![CDATA["We are able to update cart based on changes on cart page"]]>
              </value>
            </param>
            <param index="1">
              <value>
                <![CDATA["Cart feature"]]>
              </value>
            </param>
          </params>
          <reporter-output>
          </reporter-output>
        </test-method> <!-- runScenario -->
        <test-method signature="runScenario(cucumber.api.testng.PickleEventWrapper, cucumber.api.testng.CucumberFeatureWrapper)[pri:0, instance:com.angamer.uitests.testrunner.StoreTestRunner@3932c79a]" started-at="2023-10-25T17:51:53Z" name="runScenario" description="Runs Cucumber Scenarios" data-provider="scenarios" finished-at="2023-10-25T17:52:03Z" duration-ms="9550" status="PASS">
          <params>
            <param index="0">
              <value>
                <![CDATA["We are able to search product based on product name and category"]]>
              </value>
            </param>
            <param index="1">
              <value>
                <![CDATA["Search product feature"]]>
              </value>
            </param>
          </params>
          <reporter-output>
          </reporter-output>
        </test-method> <!-- runScenario -->
        <test-method is-config="true" signature="tearDownClass()[pri:0, instance:com.angamer.uitests.testrunner.StoreTestRunner@3932c79a]" started-at="2023-10-25T17:52:03Z" name="tearDownClass" finished-at="2023-10-25T17:52:03Z" duration-ms="208" status="PASS">
          <reporter-output>
          </reporter-output>
        </test-method> <!-- tearDownClass -->
      </class> <!-- com.angamer.uitests.testrunner.StoreTestRunner -->
    </test> <!-- Default test -->
  </suite> <!-- Default suite -->
</testng-results>
